0 info it worked if it ends with ok
1 verbose cli [ '/Users/matthewbroatch/.nvm/versions/node/v6.2.1/bin/node',
1 verbose cli   '/Users/matthewbroatch/.nvm/versions/node/v6.2.1/bin/npm',
1 verbose cli   'start' ]
2 info using npm@3.9.3
3 info using node@v6.2.1
4 verbose run-script [ 'prestart', 'start', 'poststart' ]
5 info lifecycle ReduxTemplate@1.0.0~prestart: ReduxTemplate@1.0.0
6 silly lifecycle ReduxTemplate@1.0.0~prestart: no script for prestart, continuing
7 info lifecycle ReduxTemplate@1.0.0~start: ReduxTemplate@1.0.0
8 verbose lifecycle ReduxTemplate@1.0.0~start: unsafe-perm in lifecycle true
9 verbose lifecycle ReduxTemplate@1.0.0~start: PATH: /Users/matthewbroatch/.nvm/versions/node/v6.2.1/lib/node_modules/npm/bin/node-gyp-bin:/Users/matthewbroatch/Programming/projects/the-daily-feels/node_modules/.bin:/Users/matthewbroatch/.nvm/versions/node/v6.2.1/bin:/usr/local/sbin:/Users/matthewbroatch/.nvm/versions/node/v6.2.1/bin:/usr/local/bin:/usr/bin:/bin:/usr/sbin:/sbin
10 verbose lifecycle ReduxTemplate@1.0.0~start: CWD: /Users/matthewbroatch/Programming/projects/the-daily-feels
11 silly lifecycle ReduxTemplate@1.0.0~start: Args: [ '-c',
11 silly lifecycle   'npm-run-all --parallel test:watch open:src lint:watch' ]
12 silly lifecycle ReduxTemplate@1.0.0~start: Returned: code: 1  signal: null
13 info lifecycle ReduxTemplate@1.0.0~start: Failed to exec start script
14 verbose stack Error: ReduxTemplate@1.0.0 start: `npm-run-all --parallel test:watch open:src lint:watch`
14 verbose stack Exit status 1
14 verbose stack     at EventEmitter.<anonymous> (/Users/matthewbroatch/.nvm/versions/node/v6.2.1/lib/node_modules/npm/lib/utils/lifecycle.js:245:16)
14 verbose stack     at emitTwo (events.js:106:13)
14 verbose stack     at EventEmitter.emit (events.js:191:7)
14 verbose stack     at ChildProcess.<anonymous> (/Users/matthewbroatch/.nvm/versions/node/v6.2.1/lib/node_modules/npm/lib/utils/spawn.js:24:14)
14 verbose stack     at emitTwo (events.js:106:13)
14 verbose stack     at ChildProcess.emit (events.js:191:7)
14 verbose stack     at maybeClose (internal/child_process.js:852:16)
14 verbose stack     at Process.ChildProcess._handle.onexit (internal/child_process.js:215:5)
15 verbose pkgid ReduxTemplate@1.0.0
16 verbose cwd /Users/matthewbroatch/Programming/projects/the-daily-feels
17 error Darwin 15.5.0
18 error argv "/Users/matthewbroatch/.nvm/versions/node/v6.2.1/bin/node" "/Users/matthewbroatch/.nvm/versions/node/v6.2.1/bin/npm" "start"
19 error node v6.2.1
20 error npm  v3.9.3
21 error code ELIFECYCLE
22 error ReduxTemplate@1.0.0 start: `npm-run-all --parallel test:watch open:src lint:watch`
22 error Exit status 1
23 error Failed at the ReduxTemplate@1.0.0 start script 'npm-run-all --parallel test:watch open:src lint:watch'.
23 error Make sure you have the latest version of node.js and npm installed.
23 error If you do, this is most likely a problem with the ReduxTemplate package,
23 error not with npm itself.
23 error Tell the author that this fails on your system:
23 error     npm-run-all --parallel test:watch open:src lint:watch
23 error You can get information on how to open an issue for this project with:
23 error     npm bugs ReduxTemplate
23 error Or if that isn't available, you can get their info via:
23 error     npm owner ls ReduxTemplate
23 error There is likely additional logging output above.
24 verbose exit [ 1, true ]
